0 info it worked if it ends with ok
1 verbose cli [ '/usr/bin/nodejs',
1 verbose cli   '/usr/bin/npm',
1 verbose cli   'install',
1 verbose cli   'https://gist.github.com/6923123.git',
1 verbose cli   '--save' ]
2 info using npm@3.10.10
3 info using node@v6.9.4
4 silly loadCurrentTree Starting
5 silly install loadCurrentTree
6 silly install readLocalPackageData
7 silly fetchPackageMetaData https://gist.github.com/6923123.git
8 silly fetchOtherPackageData https://gist.github.com/6923123.git
9 silly cache add args [ 'https://gist.github.com/6923123.git', null ]
10 verbose cache add spec https://gist.github.com/6923123.git
11 silly cache add parsed spec Result {
11 silly cache add   raw: 'https://gist.github.com/6923123.git',
11 silly cache add   scope: null,
11 silly cache add   escapedName: null,
11 silly cache add   name: null,
11 silly cache add   rawSpec: 'https://gist.github.com/6923123.git',
11 silly cache add   spec: 'git+https://gist.github.com/6923123.git',
11 silly cache add   type: 'hosted',
11 silly cache add   hosted:
11 silly cache add    { type: 'gist',
11 silly cache add      ssh: 'git@gist.github.com:/6923123.git',
11 silly cache add      sshUrl: 'git+ssh://git@gist.github.com/6923123.git',
11 silly cache add      httpsUrl: 'git+https://gist.github.com/6923123.git',
11 silly cache add      gitUrl: 'git://gist.github.com/6923123.git',
11 silly cache add      shortcut: 'gist:6923123',
11 silly cache add      directUrl: 'https://gist.githubusercontent.com/{user}/6923123/raw/package.json' } }
12 verbose addRemoteGit caching https://gist.github.com/6923123.git
13 verbose addRemoteGit git+https://gist.github.com/6923123.git is a repository hosted by gist
14 silly tryClone cloning git+https://gist.github.com/6923123.git via git+https://gist.github.com/6923123.git
15 verbose tryClone git-https-gist-github-com-6923123-git-9ebb48e8 not in flight; caching
16 verbose correctMkdir /home/amos/.npm/_git-remotes correctMkdir not in flight; initializing
17 info git [ 'config', '--get', 'remote.origin.url' ]
18 silly validateExistingRemote git+https://gist.github.com/6923123.git remote.origin.url: https://gist.github.com/6923123.git
19 verbose validateExistingRemote git+https://gist.github.com/6923123.git is updating existing cached remote /home/amos/.npm/_git-remotes/git-https-gist-github-com-6923123-git-9ebb48e8
20 info git [ 'fetch', '-a', 'origin' ]
21 verbose updateRemote git fetch -a origin (https://gist.github.com/6923123.git)
22 verbose correctMkdir /home/amos/.npm/_git-remotes correctMkdir not in flight; initializing
23 verbose setPermissions git+https://gist.github.com/6923123.git set permissions on /home/amos/.npm/_git-remotes/git-https-gist-github-com-6923123-git-9ebb48e8
24 verbose resolveHead git+https://gist.github.com/6923123.git original treeish: master
25 info git [ 'rev-list', '-n1', 'master' ]
26 silly resolveHead git+https://gist.github.com/6923123.git resolved treeish: 8ee18592cf578c5bb620683e5e914a84c448f80f
27 verbose resolveHead git+https://gist.github.com/6923123.git resolved Git URL: git+https://gist.github.com/6923123.git#8ee18592cf578c5bb620683e5e914a84c448f80f
28 silly resolveHead Git working directory: /tmp/npm-28875-a7beeee4/git-cache-98ba3a34/8ee18592cf578c5bb620683e5e914a84c448f80f
29 info git [ 'clone',
29 info git   '/home/amos/.npm/_git-remotes/git-https-gist-github-com-6923123-git-9ebb48e8',
29 info git   '/tmp/npm-28875-a7beeee4/git-cache-98ba3a34/8ee18592cf578c5bb620683e5e914a84c448f80f' ]
30 verbose cloneResolved git+https://gist.github.com/6923123.git clone Cloning into '/tmp/npm-28875-a7beeee4/git-cache-98ba3a34/8ee18592cf578c5bb620683e5e914a84c448f80f'...
30 verbose cloneResolved done.
31 info git [ 'checkout', '8ee18592cf578c5bb620683e5e914a84c448f80f' ]
32 verbose checkoutTreeish git+https://gist.github.com/6923123.git checkout Note: checking out '8ee18592cf578c5bb620683e5e914a84c448f80f'.
32 verbose checkoutTreeish
32 verbose checkoutTreeish You are in 'detached HEAD' state. You can look around, make experimental
32 verbose checkoutTreeish changes and commit them, and you can discard any commits you make in this
32 verbose checkoutTreeish state without impacting any branches by performing another checkout.
32 verbose checkoutTreeish
32 verbose checkoutTreeish If you want to create a new branch to retain commits you create, you may
32 verbose checkoutTreeish do so (now or later) by using -b with the checkout command again. Example:
32 verbose checkoutTreeish
32 verbose checkoutTreeish   git checkout -b <new-branch-name>
32 verbose checkoutTreeish
32 verbose checkoutTreeish HEAD is now at 8ee1859...
33 info git [ 'submodule', '-q', 'update', '--init', '--recursive' ]
34 verbose updateSubmodules git+https://gist.github.com/6923123.git submodule update
35 error addLocal Could not install /tmp/npm-28875-a7beeee4/git-cache-98ba3a34/8ee18592cf578c5bb620683e5e914a84c448f80f
36 silly fetchPackageMetaData Error: EISDIR: illegal operation on a directory, read
36 silly fetchPackageMetaData     at Error (native)
36 silly fetchPackageMetaData  error for https://gist.github.com/6923123.git { Error: EISDIR: illegal operation on a directory, read
36 silly fetchPackageMetaData     at Error (native) errno: -21, code: 'EISDIR', syscall: 'read' }
37 silly rollbackFailedOptional Starting
38 silly rollbackFailedOptional Finishing
39 silly runTopLevelLifecycles Finishing
40 silly install printInstalled
41 verbose stack Error: EISDIR: illegal operation on a directory, read
41 verbose stack     at Error (native)
42 verbose cwd /var/www/html/censurador-server
43 error Linux 4.4.0-59-generic
44 error argv "/usr/bin/nodejs" "/usr/bin/npm" "install" "https://gist.github.com/6923123.git" "--save"
45 error node v6.9.4
46 error npm  v3.10.10
47 error code EISDIR
48 error errno -21
49 error syscall read
50 error eisdir EISDIR: illegal operation on a directory, read
51 error eisdir This is most likely not a problem with npm itself
51 error eisdir and is related to npm not being able to find a package.json in
51 error eisdir a package you are trying to install.
52 verbose exit [ -21, true ]
